<?xml version="1.0" encoding="UTF-8"?>
<!-- Generated by org.testng.reporters.JUnitReportReporter -->
<testsuite skipped="0" hostname="DESKTOP-RSE0C5O" name="ExtendReport.TestID04" tests="1" failures="0" timestamp="2020-09-27T17:29:39 PDT" time="27.364" errors="0">
  <testcase name="TestID04A" time="27.364" classname="ExtendReport.TestID04"/>
  <system-out/>
</testsuite> <!-- ExtendReport.TestID04 -->
